<?xml version="1.0" encoding="UTF-8"?>
<!-- Generated by org.testng.reporters.JUnitXMLReporter -->
<testsuite hostname="LAPTOP-91J108P6" ignored="0" name="Smoke Test" tests="3" failures="0" timestamp="2022-12-13T20:44:16 GMT" time="32.924" errors="0">
  <testcase name="UserShouldLoginSuccessfullyWithValidCredentials" time="3.205" classname="com.herokuapp.testsuite.LoginPageTest"/>
  <testcase name="verifyThePasswordErrorMessage" time="1.861" classname="com.herokuapp.testsuite.LoginPageTest"/>
  <testcase name="verifyTheUsernameErrorMessage" time="1.415" classname="com.herokuapp.testsuite.LoginPageTest"/>
</testsuite> <!-- Smoke Test -->
