<?xml version="1.0" encoding="UTF-8"?>
<!-- Generated by org.testng.reporters.JUnitXMLReporter -->
<testsuite hostname="LAPTOP-91J108P6" ignored="0" name="sanity Test" tests="3" failures="0" timestamp="2022-12-13T20:42:51 GMT" time="33.131" errors="0">
  <testcase name="UserShouldLoginSuccessfullyWithValidCredentials" time="2.033" classname="com.herokuapp.testsuite.LoginPageTest"/>
  <testcase name="verifyThePasswordErrorMessage" time="1.228" classname="com.herokuapp.testsuite.LoginPageTest"/>
  <testcase name="verifyTheUsernameErrorMessage" time="1.32" classname="com.herokuapp.testsuite.LoginPageTest"/>
</testsuite> <!-- sanity Test -->
