<?xml version="1.0" encoding="UTF-8"?>
<!-- Generated by org.testng.reporters.JUnitXMLReporter -->
<testsuite hostname="LAPTOP-91J108P6" ignored="0" name="Login Test" tests="3" failures="0" timestamp="2022-12-13T20:46:26 GMT" time="31.332" errors="0">
  <testcase name="UserShouldLoginSuccessfullyWithValidCredentials" time="1.302" classname="com.herokuapp.testsuite.LoginPageTest"/>
  <testcase name="verifyThePasswordErrorMessage" time="1.258" classname="com.herokuapp.testsuite.LoginPageTest"/>
  <testcase name="verifyTheUsernameErrorMessage" time="1.33" classname="com.herokuapp.testsuite.LoginPageTest"/>
</testsuite> <!-- Login Test -->
